[10:40:40] [User Authenticator #10/INFO]: UUID of player Hyeonji00117 is f75191b0-de6e-440f-b806-3c23b38d7ce7
[10:40:40] [Server thread/INFO]: Hyeonji00117[/114.202.114.252:49952] logged in with entity id 51510 at ([world]-165.10908409042926, 99.62039199106752, 66.27991142156023)
[10:43:04] [Server thread/INFO]: [@: Gave 1 [Oak Boat] to Hyeonji00117]
[10:47:00] [Server thread/INFO]: count=8
[10:47:00] [Server thread/INFO]: i=0
[10:47:00] [Server thread/INFO]: index=0
[10:47:00] [Server thread/INFO]: index2=17
[10:47:00] [Server thread/INFO]: i=1
[10:47:00] [Server thread/INFO]: index=0
[10:47:00] [Server thread/INFO]: index2=11
[10:47:00] [Server thread/INFO]: i=2
[10:47:00] [Server thread/INFO]: index=0
[10:47:00] [Server thread/INFO]: index2=9
[10:47:00] [Server thread/INFO]: i=3
[10:47:00] [Server thread/INFO]: index=0
[10:47:00] [Server thread/INFO]: index2=9
[10:47:00] [Server thread/INFO]: i=4
[10:47:00] [Server thread/INFO]: index=0
[10:47:00] [Server thread/INFO]: index2=10
[10:47:00] [Server thread/INFO]: i=5
[10:47:00] [Server thread/INFO]: index=0
[10:47:00] [Server thread/INFO]: index2=10
[10:47:00] [Server thread/INFO]: i=6
[10:47:00] [Server thread/INFO]: index=0
[10:47:00] [Server thread/INFO]: index2=9
[10:47:00] [Server thread/INFO]: i=7
[10:47:00] [Server thread/INFO]: index=0
[10:47:00] [Server thread/INFO]: index2=-1
[10:47:00] [Server thread/INFO]: String4=#FFFFFF<player> 
[10:47:00] [Server thread/INFO]: color=#FFFFFF
[10:47:00] [Server thread/INFO]: text=<player> 
[10:47:00] [Server thread/INFO]: String4=#FF0000is 
[10:47:00] [Server thread/INFO]: color=#FF0000
[10:47:00] [Server thread/INFO]: text=is 
[10:47:00] [Server thread/INFO]: String4=#FF7F00s
[10:47:00] [Server thread/INFO]: color=#FF7F00
[10:47:00] [Server thread/INFO]: text=s
[10:47:00] [Server thread/INFO]: String4=#FFFF00l
[10:47:00] [Server thread/INFO]: color=#FFFF00
[10:47:00] [Server thread/INFO]: text=l
[10:47:00] [Server thread/INFO]: String4=#00FF00ee
[10:47:00] [Server thread/INFO]: color=#00FF00
[10:47:00] [Server thread/INFO]: text=ee
[10:47:00] [Server thread/INFO]: String4=#0000FFpi
[10:47:00] [Server thread/INFO]: color=#0000FF
[10:47:00] [Server thread/INFO]: text=pi
[10:47:00] [Server thread/INFO]: String4=#4b0082n
[10:47:00] [Server thread/INFO]: color=#4b0082
[10:47:00] [Server thread/INFO]: text=n
[10:47:00] [Server thread/INFO]: String4=#9400D3g
[10:47:00] [Server thread/INFO]: color=#9400D3
[10:47:00] [Server thread/INFO]: text=g
[10:48:16] [Server thread/INFO]: com.mojang.authlib.GameProfile@56ca9fa8[id=<null>,name=Choco2109,properties={},legacy=false] (/58.237.85.194:63521) lost connection: Disconnected
[10:48:19] [User Authenticator #11/INFO]: UUID of player Choco2109 is 04909e15-6c7f-49e9-8e3a-d84166ad2dae
[10:48:19] [Server thread/INFO]: Choco2109[/58.237.85.194:63523] logged in with entity id 53253 at ([world]1283.0991568006402, 70.0326014164125, 994.5507292342432)
[10:50:41] [Server thread/WARN]: Can't keep up! Is the server overloaded? Running 5031ms or 100 ticks behind
[10:50:51] [Server thread/WARN]: Choco2109 moved too quickly! -32.551336799732326,5.056831496577232,-56.516914206514
[10:53:03] [Server thread/INFO]: Choco2109 issued server command: /gamemode survival
[10:53:03] [Server thread/INFO]: [Choco2109: Set own game mode to Survival Mode]
[10:53:08] [Server thread/INFO]: Choco2109 issued server command: /gamemode creative
[10:53:08] [Server thread/INFO]: [Choco2109: Set own game mode to Creative Mode]
[10:53:16] [Server thread/INFO]: Choco2109 issued server command: /gamemode survival
[10:53:16] [Server thread/INFO]: [Choco2109: Set own game mode to Survival Mode]
[10:54:17] [Server thread/INFO]: Choco2109 issued server command: /effect clear Choco2109
[10:54:17] [Server thread/INFO]: [Choco2109: Removed every effect from Choco2109]
[10:55:14] [Server thread/INFO]: [@: Teleported Choco2109 to -135.5, 71.0, 117.5]
[10:55:17] [Server thread/INFO]: [@: Gave 1 [Oak Boat] to Choco2109]
[10:55:22] [Server thread/WARN]: Boat (vehicle of Choco2109) moved wrongly! 0.7449331356379219
[10:56:15] [Server thread/INFO]: Choco2109 issued server command: /gamemode creative
[10:56:15] [Server thread/INFO]: [Choco2109: Set own game mode to Creative Mode]
[11:04:27] [Server thread/INFO]: Choco2109 issued server command: /weather clear
[11:04:27] [Server thread/INFO]: [Choco2109: Set the weather to clear]
[11:05:14] [Server thread/INFO]: Choco2109 issued server command: /weather rain
[11:05:14] [Server thread/INFO]: [Choco2109: Set the weather to rain]
[11:06:24] [Server thread/INFO]: Choco2109 issued server command: /tp Choco2109 Hyeonji00117
[11:06:24] [Server thread/INFO]: [Choco2109: Teleported Choco2109 to Hyeonji00117]
[11:11:56] [User Authenticator #12/INFO]: UUID of player Choco2109 is 04909e15-6c7f-49e9-8e3a-d84166ad2dae
[11:11:56] [Server thread/INFO]: Choco2109 lost connection: You logged in from another location
[11:11:56] [Server thread/INFO]: Choco2109 left the game
[11:11:56] [Server thread/INFO]: Choco2109[/58.237.85.194:63576] logged in with entity id 62458 at ([world]-202.31680680472545, 76.5625, -46.26075699032757)
[11:15:54] [Server thread/INFO]: Choco2109 issued server command: //set stone
[11:15:59] [Server thread/INFO]: Choco2109 issued server command: //undo
[11:16:14] [Server thread/INFO]: Choco2109 issued server command: //set glass
[11:16:58] [Server thread/INFO]: Choco2109 issued server command: //undo
[11:18:23] [Server thread/INFO]: Choco2109 issued server command: //set air
[11:18:30] [Server thread/INFO]: Choco2109 issued server command: //undo
[11:18:36] [Server thread/INFO]: Choco2109 issued server command: //set stone
[11:18:36] [Server thread/ERROR]: Block at -229, 63, -75 is Block{minecraft:stone} but has net.minecraft.server.v1_16_R3.TileEntityChest@4811d681. Bukkit will attempt to fix this, but there may be additional damage that we cannot recover.
[11:18:36] [Server thread/ERROR]: Block at -224, 65, -74 is Block{minecraft:stone} but has net.minecraft.server.v1_16_R3.TileEntityChest@63297e09. Bukkit will attempt to fix this, but there may be additional damage that we cannot recover.
[11:18:43] [Server thread/INFO]: Choco2109 issued server command: //undo
[11:19:01] [Server thread/INFO]: Choco2109 issued server command: //set air
[11:19:05] [Server thread/INFO]: Choco2109 issued server command: //set undo
[11:19:11] [Server thread/INFO]: Choco2109 issued server command: // undo
[11:19:15] [Server thread/INFO]: Choco2109 issued server command: //undo
[11:20:15] [Server thread/INFO]: Choco2109 issued server command: //set re
[11:20:22] [Server thread/INFO]: Choco2109 issued server command: //set red_carpet
[11:20:27] [Server thread/INFO]: Choco2109 issued server command: //undo
[11:20:55] [Server thread/INFO]: Choco2109 issued server command: //set red_carpet
[11:23:35] [Server thread/INFO]: Choco2109 issued server command: /weather rain
[11:23:35] [Server thread/INFO]: [Choco2109: Set the weather to rain]
[11:24:46] [Server thread/INFO]: [@: Teleported Choco2109 to -201.5, 78.0, -6.5]
[11:24:52] [Server thread/INFO]: [@: Teleported Choco2109 to -275.5, 63.0, 201.5]
[11:24:54] [Server thread/INFO]: [@: Summoned new Ravager]
[11:25:17] [Server thread/INFO]: [@: Summoned new Ravager]
[11:37:50] [Server thread/INFO]: Choco2109 lost connection: Disconnected
[11:37:50] [Server thread/INFO]: Choco2109 left the game
[12:01:30] [Server thread/INFO]: count=3
[12:01:30] [Server thread/INFO]: i=0
[12:01:30] [Server thread/INFO]: index=0
[12:01:30] [Server thread/INFO]: index2=21
[12:01:30] [Server thread/INFO]: i=1
[12:01:30] [Server thread/INFO]: index=0
[12:01:30] [Server thread/INFO]: index2=18
[12:01:30] [Server thread/INFO]: i=2
[12:01:30] [Server thread/INFO]: index=0
[12:01:30] [Server thread/INFO]: index2=-1
[12:01:30] [Server thread/INFO]: String4=#FFFFFFNO ONE: ...\n
[12:01:30] [Server thread/INFO]: color=#FFFFFF
[12:01:30] [Server thread/INFO]: text=NO ONE: ...\n
[12:01:30] [Server thread/INFO]: String4=#FFFFFF<player>: 
[12:01:30] [Server thread/INFO]: color=#FFFFFF
[12:01:30] [Server thread/INFO]: text=<player>: 
[12:01:30] [Server thread/INFO]: String4=#FFFF00go to bed.
[12:01:30] [Server thread/INFO]: color=#FFFF00
[12:01:30] [Server thread/INFO]: text=go to bed.
[12:07:26] [User Authenticator #13/INFO]: UUID of player Choco2109 is 04909e15-6c7f-49e9-8e3a-d84166ad2dae
[12:07:26] [Server thread/INFO]: Choco2109[/58.237.85.194:61594] logged in with entity id 72294 at ([world]-176.03217281127277, 63.0, -99.27981237417029)
[12:07:37] [Server thread/INFO]: Choco2109 issued server command: /gamemode creative
[12:07:42] [Server thread/INFO]: Choco2109 issued server command: /gamemode survival Hyeonji00117
[12:07:42] [Server thread/INFO]: [Choco2109: Set Hyeonji00117's game mode to Survival Mode]
[12:07:45] [Server thread/INFO]: Choco2109 issued server command: /tp Hyeonji00117
[12:07:45] [Server thread/INFO]: [Choco2109: Teleported Choco2109 to Hyeonji00117]
[12:07:45] [Server thread/WARN]: Choco2109 moved too quickly! 16.466749210528548,5.0,62.40132285776538
[12:17:50] [User Authenticator #14/INFO]: UUID of player Choco2109 is 04909e15-6c7f-49e9-8e3a-d84166ad2dae
[12:17:50] [Server thread/INFO]: Choco2109 lost connection: You logged in from another location
[12:17:50] [Server thread/INFO]: Choco2109 left the game
[12:17:50] [Server thread/INFO]: Choco2109[/58.237.85.194:64428] logged in with entity id 75594 at ([world]-368.3996976419115, 73.27296263044772, 637.8829890989051)
[12:20:06] [Server thread/INFO]: Choco2109 issued server command: /tp Choco2109
[12:20:06] [Server thread/INFO]: [Choco2109: Teleported Choco2109 to Choco2109]
[12:20:09] [Server thread/INFO]: Choco2109 issued server command: /tp Hyeonji00117
[12:20:09] [Server thread/INFO]: [Choco2109: Teleported Choco2109 to Hyeonji00117]
[12:28:23] [Server thread/INFO]: Choco2109 lost connection: Disconnected
[12:28:23] [Server thread/INFO]: Choco2109 left the game
[12:36:48] [Server thread/INFO]: count=2
[12:36:48] [Server thread/INFO]: i=0
[12:36:48] [Server thread/INFO]: index=0
[12:36:48] [Server thread/INFO]: index2=17
[12:36:48] [Server thread/INFO]: i=1
[12:36:48] [Server thread/INFO]: index=0
[12:36:48] [Server thread/INFO]: index2=-1
[12:36:48] [Server thread/INFO]: String4=#FFFFFF<player> 
[12:36:48] [Server thread/INFO]: color=#FFFFFF
[12:36:48] [Server thread/INFO]: text=<player> 
[12:36:48] [Server thread/INFO]: String4=#00FFFFwent to bed. Sweet Dreams
[12:36:48] [Server thread/INFO]: color=#00FFFF
[12:36:48] [Server thread/INFO]: text=went to bed. Sweet Dreams
[12:40:34] [User Authenticator #15/INFO]: UUID of player Choco2109 is 04909e15-6c7f-49e9-8e3a-d84166ad2dae
[12:40:34] [Server thread/INFO]: Choco2109[/58.237.85.194:64536] logged in with entity id 79833 at ([world]-109.82484474908713, 67.0, -19.23080494441725)
[12:42:04] [Server thread/INFO]: Choco2109 issued server command: /gamemode survival
[12:42:04] [Server thread/INFO]: [Choco2109: Set own game mode to Survival Mode]
[12:42:31] [Server thread/INFO]: Choco2109 lost connection: Disconnected
[12:42:31] [Server thread/INFO]: Choco2109 left the game
[12:48:49] [User Authenticator #16/INFO]: UUID of player Arunesia is 6cfd642a-b387-4f53-b85b-66986d4d3d9b
[12:48:49] [Server thread/INFO]: Arunesia[/59.23.2.251:52526] logged in with entity id 81109 at ([world]1285.6142938008977, 63.0, 989.9636699339558)
[12:51:19] [Server thread/INFO]: Arunesia issued server command: /give Arunesia minecraft:barrier
[12:51:19] [Server thread/INFO]: [Arunesia: Gave 1 [Barrier] to Arunesia]
[12:52:13] [Server thread/INFO]: count=2
[12:52:13] [Server thread/INFO]: i=0
[12:52:13] [Server thread/INFO]: index=0
[12:52:13] [Server thread/INFO]: index2=17
[12:52:13] [Server thread/INFO]: i=1
[12:52:13] [Server thread/INFO]: index=0
[12:52:13] [Server thread/INFO]: index2=-1
[12:52:13] [Server thread/INFO]: String4=#FFFFFF<player> 
[12:52:13] [Server thread/INFO]: color=#FFFFFF
[12:52:13] [Server thread/INFO]: text=<player> 
[12:52:13] [Server thread/INFO]: String4=#00FFFFwent to bed. Sweet Dreams
[12:52:13] [Server thread/INFO]: color=#00FFFF
[12:52:13] [Server thread/INFO]: text=went to bed. Sweet Dreams
[12:53:04] [Server thread/INFO]: Arunesia issued server command: //set grass_block
[12:53:22] [Server thread/INFO]: Arunesia issued server command: //set air
[12:53:34] [Server thread/INFO]: Arunesia issued server command: /give Hyeonji00117 minecraft:obsidian 10
[12:53:34] [Server thread/INFO]: [Arunesia: Gave 10 [Obsidian] to Hyeonji00117]
[12:53:43] [Server thread/INFO]: Arunesia issued server command: //set air
[12:54:35] [Server thread/INFO]: Arunesia issued server command: //set grass_block
[12:54:48] [Server thread/INFO]: Arunesia issued server command: //set grass_block
[12:54:58] [Server thread/INFO]: Arunesia issued server command: //set air
[12:55:22] [Server thread/INFO]: Arunesia issued server command: //set grass_block
[12:55:29] [Server thread/INFO]: Arunesia issued server command: //set grass_block
[12:55:37] [Server thread/INFO]: Arunesia issued server command: //set grass_block
[12:55:46] [Server thread/INFO]: Arunesia issued server command: //set grass_block
[12:55:52] [Server thread/INFO]: Arunesia issued server command: //set grass_block
[12:55:56] [Server thread/INFO]: Arunesia issued server command: //set grass_block
[12:55:59] [Server thread/INFO]: Arunesia issued server command: //set grass_block
[12:56:45] [Server thread/INFO]: Arunesia issued server command: //set sand
[12:56:48] [Server thread/INFO]: Arunesia issued server command: //set air
[12:57:15] [Server thread/INFO]: Arunesia issued server command: //set sand
[12:57:28] [Server thread/INFO]: Arunesia issued server command: //set air
[12:57:50] [Server thread/INFO]: Arunesia issued server command: //set sand
[12:57:56] [Server thread/INFO]: Arunesia issued server command: //set air
[12:58:07] [Server thread/INFO]: Arunesia issued server command: //set sand
[12:58:27] [Server thread/INFO]: Arunesia issued server command: //set grass_block
[12:58:33] [Server thread/INFO]: Arunesia issued server command: //set air
[12:58:38] [Server thread/INFO]: Arunesia issued server command: //set grass_block
[12:58:41] [Server thread/INFO]: Arunesia issued server command: //set grass_block
[12:59:20] [Server thread/INFO]: Arunesia issued server command: //set grass_block
[12:59:35] [Server thread/INFO]: Arunesia issued server command: //set grass_block
[12:59:48] [Server thread/INFO]: Arunesia issued server command: //set grass_block
[13:00:00] [Server thread/INFO]: Arunesia issued server command: //set grass_block
[13:00:10] [Server thread/INFO]: [@: Teleported Arunesia to -275.5, 63.0, 201.5]
[13:00:13] [Server thread/INFO]: [@: Teleported Arunesia to -201.5, 78.0, -6.5]
[13:00:43] [Server thread/INFO]: Arunesia issued server command: //set stone
[13:00:59] [Server thread/INFO]: Arunesia issued server command: //set air
[13:01:09] [Server thread/INFO]: Arunesia issued server command: //set stone
[13:01:20] [Server thread/INFO]: Arunesia issued server command: //set air
[13:01:38] [Server thread/INFO]: Arunesia issued server command: //set grass_block
[13:01:43] [Server thread/INFO]: Arunesia issued server command: //set stone
[13:01:47] [Server thread/INFO]: Arunesia issued server command: //set stone
[13:02:02] [Server thread/INFO]: Arunesia issued server command: //set stone
[13:02:23] [Server thread/INFO]: Arunesia issued server command: //set stone
[13:02:30] [Server thread/INFO]: Arunesia issued server command: //set stone
[13:02:47] [Server thread/INFO]: Arunesia issued server command: //set sand
[13:02:56] [Server thread/INFO]: Arunesia issued server command: //set sand
[13:03:03] [Server thread/INFO]: Arunesia issued server command: //set sand
[13:03:14] [Server thread/INFO]: Arunesia issued server command: //set sand
[13:03:20] [Server thread/INFO]: Arunesia issued server command: //set sand
[13:03:33] [Server thread/INFO]: Arunesia issued server command: //set sand
[13:04:36] [Server thread/INFO]: Arunesia lost connection: Disconnected
[13:04:36] [Server thread/INFO]: Arunesia left the game
[13:16:45] [Server thread/INFO]: Hyeonji00117 has made the advancement [Enchanter]
[13:23:32] [Server thread/INFO]: Hyeonji00117 lost connection: Disconnected
[13:23:32] [Server thread/INFO]: Hyeonji00117 left the game
