[09:28:45] [User Authenticator #3/INFO]: UUID of player Hyeonji00117 is f75191b0-de6e-440f-b806-3c23b38d7ce7
[09:28:45] [Server thread/INFO]: Hyeonji00117[/211.243.208.131:56772] logged in with entity id 8790 at ([world]-199.0758102670513, 68.0, -50.51249998807908)
[09:41:46] [Server thread/INFO]: [@: Teleported Hyeonji00117 to -275.5, 63.0, 201.5]
[09:46:34] [Server thread/INFO]: Hyeonji00117 issued server command: /gamemode
[09:47:52] [Server thread/INFO]: Hyeonji00117 lost connection: Disconnected
[09:47:52] [Server thread/INFO]: Hyeonji00117 left the game
[10:08:39] [User Authenticator #4/INFO]: UUID of player Arunesia is 6cfd642a-b387-4f53-b85b-66986d4d3d9b
[10:08:39] [Server thread/INFO]: Arunesia[/59.23.2.251:55681] logged in with entity id 11167 at ([world]-170.18709731147143, 63.0, -84.38024687735192)
[10:10:24] [Server thread/INFO]: Arunesia issued server command: //snow
[10:10:33] [Server thread/INFO]: Arunesia issued server command: //undo
[10:10:37] [Server thread/INFO]: Arunesia lost connection: Disconnected
[10:10:37] [Server thread/INFO]: Arunesia left the game
[10:38:15] [Server thread/INFO]: Stopping the server
[10:38:15] [Server thread/INFO]: Stopping server
[10:38:15] [Server thread/INFO]: [InvSort] Disabling InvSort v1.2.0
[10:38:15] [Server thread/INFO]: [AntiCreeper] Disabling AntiCreeper v5.1
[10:38:15] [Server thread/INFO]: [SinglePlayerSleep] Disabling SinglePlayerSleep v1.13_2.13.44
[10:38:15] [Server thread/INFO]: **************************************
[10:38:15] [Server thread/INFO]: SinglePlayerSleep v1.13_2.13.44 is DISABLED
[10:38:15] [Server thread/INFO]: **************************************
[10:38:15] [Server thread/INFO]: [Timber] Disabling Timber v1.0.9
[10:38:15] [Server thread/INFO]: [WorldEdit] Disabling WorldEdit v7.2.0+a51fa43
[10:38:15] [Server thread/INFO]: Unregistering com.sk89q.worldedit.bukkit.BukkitServerInterface from WorldEdit
[10:38:15] [Server thread/INFO]: Saving players
[10:38:15] [Server thread/INFO]: Saving worlds
[10:38:15] [Server thread/INFO]: Saving chunks for level 'ServerLevel[world]'/minecraft:overworld
[10:38:15] [Server thread/INFO]: ThreadedAnvilChunkStorage (world): All chunks are saved
[10:38:15] [Server thread/INFO]: Saving chunks for level 'ServerLevel[world_nether]'/minecraft:the_nether
[10:38:16] [Server thread/INFO]: ThreadedAnvilChunkStorage (DIM-1): All chunks are saved
[10:38:16] [Server thread/INFO]: Saving chunks for level 'ServerLevel[world_the_end]'/minecraft:the_end
[10:38:16] [Server thread/INFO]: ThreadedAnvilChunkStorage (DIM1): All chunks are saved
[10:38:16] [Server thread/INFO]: ThreadedAnvilChunkStorage (world): All chunks are saved
[10:38:16] [Server thread/INFO]: ThreadedAnvilChunkStorage (DIM-1): All chunks are saved
[10:38:16] [Server thread/INFO]: ThreadedAnvilChunkStorage (DIM1): All chunks are saved
